2018-03-07 21:37:02,666 INFO index.login Line:38wfp success login
2018-03-07 21:44:54,776  INFO  weekly.new  Line:24  新建文件
2018-03-07 21:46:02,703  INFO  weekly.new  Line:24  新建文件
2018-03-07 21:46:35,676  INFO  weekly.new  Line:24  新建文件
2018-03-07 21:46:57,735  INFO  weekly.new  Line:24  新建文件
2018-03-07 21:48:24,091  INFO  weekly.new  Line:24  新建文件
2018-03-07 21:49:30,417  INFO  weekly.new  Line:24  新建文件
2018-03-07 21:50:39,583  INFO  weekly.new  Line:24  新建文件
2018-03-07 21:54:32,149  INFO  weekly.new  Line:24  新建文件
2018-03-08 21:54:31,709  INFO  index.login  Line:38  wfp success login
2018-03-08 22:52:25,709  INFO  weekly.new  Line:24  新建文件
2018-03-08 22:53:16,117  INFO  weekly.new  Line:24  新建文件
2018-03-08 22:53:54,853  INFO  weekly.new  Line:24  新建文件
2018-03-08 22:54:50,914  INFO  weekly.new  Line:24  新建文件
2018-03-08 22:56:00,609  INFO  weekly.new  Line:24  新建文件
2018-03-08 22:57:35,384  INFO  weekly.new  Line:24  新建文件
2018-03-08 22:59:06,865  INFO  weekly.new  Line:24  新建文件
2018-03-08 23:01:22,159  INFO  weekly.new  Line:24  新建文件
2018-03-08 23:03:02,190  INFO  weekly.new  Line:24  新建文件
2018-03-08 23:07:44,554  INFO  weekly.new  Line:24  新建文件
2018-03-08 23:08:04,441  INFO  weekly.new  Line:24  新建文件
2018-03-08 23:08:37,105  INFO  weekly.new  Line:24  新建文件
2018-03-08 23:09:52,864  INFO  weekly.new  Line:24  新建文件
2018-03-08 23:10:54,225  INFO  weekly.new  Line:24  新建文件
2018-03-08 23:12:11,774  INFO  weekly.new  Line:24  新建文件
2018-03-08 23:13:21,029  INFO  weekly.new  Line:24  新建文件
2018-03-08 23:13:31,942  INFO  weekly.new  Line:24  新建文件
2018-03-08 23:14:13,526  INFO  weekly.new  Line:24  新建文件
2018-03-08 23:14:31,356  INFO  weekly.new  Line:24  新建文件
2018-03-08 23:15:36,332  INFO  weekly.new  Line:24  新建文件
2018-03-08 23:15:59,476  INFO  weekly.new  Line:24  新建文件
2018-03-08 23:16:25,291  INFO  weekly.new  Line:24  新建文件
2018-03-08 23:16:59,388  INFO  weekly.new  Line:24  新建文件
2018-03-08 23:17:20,804  INFO  weekly.new  Line:24  新建文件
2018-03-08 23:21:36,160  INFO  weekly.new  Line:24  新建文件
2018-03-08 23:21:44,952  INFO  weekly.new  Line:24  新建文件
2018-03-08 23:22:02,551  INFO  weekly.new  Line:24  新建文件
2018-03-08 23:22:17,688  INFO  weekly.new  Line:24  新建文件
2018-03-08 23:22:27,951  INFO  weekly.new  Line:24  新建文件
2018-03-08 23:25:05,837  INFO  weekly.new  Line:24  新建文件
2018-03-08 23:25:32,597  INFO  weekly.new  Line:24  新建文件
2018-03-08 23:26:07,228  INFO  weekly.new  Line:24  新建文件
2018-03-08 23:26:32,621  INFO  weekly.new  Line:24  新建文件
2018-03-08 23:28:27,037  INFO  weekly.new  Line:24  新建文件
2018-03-08 23:30:30,409  INFO  index.login  Line:38  wfp success login
2018-03-09 19:29:14,755  INFO  index.login  Line:38  wfp success login
2018-03-09 19:29:17,684  INFO  weekly.new  Line:24  新建文件
2018-03-09 19:31:25,202  INFO  weekly.new  Line:24  新建文件
2018-03-09 19:35:16,984  INFO  weekly.new  Line:24  新建文件
2018-03-09 19:35:51,143  INFO  weekly.new  Line:24  新建文件
2018-03-09 19:36:07,135  INFO  weekly.new  Line:24  新建文件
2018-03-09 19:37:15,232  INFO  weekly.new  Line:24  新建文件
2018-03-09 19:37:31,550  INFO  weekly.new  Line:24  新建文件
2018-03-09 19:37:46,789  INFO  weekly.new  Line:24  新建文件
2018-03-09 19:38:04,686  INFO  weekly.new  Line:24  新建文件
2018-03-09 19:38:08,972  INFO  weekly.new  Line:24  新建文件
2018-03-09 19:38:53,172  INFO  weekly.new  Line:24  新建文件
2018-03-09 19:40:01,218  INFO  weekly.new  Line:24  新建文件
2018-03-09 19:42:05,028  INFO  weekly.new  Line:24  新建文件
2018-03-09 19:42:41,268  INFO  weekly.new  Line:24  新建文件
2018-03-09 19:42:59,451  INFO  weekly.new  Line:24  新建文件
2018-03-09 19:44:06,459  INFO  weekly.new  Line:24  新建文件
2018-03-09 19:45:35,010  INFO  weekly.new  Line:24  新建文件
2018-03-09 19:45:53,409  INFO  weekly.new  Line:24  新建文件
2018-03-09 19:46:11,313  INFO  weekly.new  Line:24  新建文件
2018-03-09 19:50:32,836  INFO  weekly.new  Line:24  新建文件
2018-03-09 19:50:57,636  INFO  weekly.new  Line:24  新建文件
2018-03-09 19:51:09,493  INFO  weekly.new  Line:24  新建文件
2018-03-09 19:51:49,654  INFO  weekly.new  Line:24  新建文件
2018-03-09 19:51:58,637  INFO  weekly.new  Line:24  新建文件
2018-03-09 19:52:29,132  INFO  weekly.new  Line:24  新建文件
2018-03-09 19:52:47,547  INFO  weekly.new  Line:24  新建文件
2018-03-09 19:53:59,199  INFO  weekly.new  Line:24  新建文件
2018-03-09 19:54:08,762  INFO  weekly.new  Line:24  新建文件
2018-03-09 19:54:17,259  INFO  weekly.new  Line:24  新建文件
2018-03-09 19:55:13,554  INFO  weekly.new  Line:24  新建文件
2018-03-09 19:56:33,516  INFO  weekly.new  Line:24  新建文件
2018-03-09 19:57:45,704  INFO  weekly.new  Line:24  新建文件
2018-03-09 19:58:08,585  INFO  weekly.new  Line:24  新建文件
2018-03-09 19:58:20,393  INFO  weekly.new  Line:24  新建文件
2018-03-09 19:58:29,311  INFO  weekly.new  Line:24  新建文件
2018-03-09 19:58:39,535  INFO  weekly.new  Line:24  新建文件
2018-03-09 19:58:51,808  INFO  weekly.new  Line:24  新建文件
2018-03-09 19:58:59,462  INFO  weekly.new  Line:24  新建文件
2018-03-09 19:59:57,919  INFO  weekly.new  Line:24  新建文件
2018-03-09 20:01:16,863  INFO  weekly.new  Line:24  新建文件
2018-03-09 20:02:06,567  INFO  weekly.new  Line:24  新建文件
2018-03-09 20:02:11,997  INFO  weekly.new  Line:24  新建文件
2018-03-09 20:02:17,668  INFO  weekly.new  Line:24  新建文件
2018-03-09 20:02:22,565  INFO  weekly.new  Line:24  新建文件
2018-03-09 20:03:18,467  INFO  weekly.new  Line:24  新建文件
2018-03-09 20:03:53,451  INFO  weekly.new  Line:24  新建文件
2018-03-09 20:06:53,689  INFO  weekly.new  Line:24  新建文件
2018-03-09 20:14:36,183  INFO  index.login  Line:38  wfp success login
2018-03-09 20:14:41,957  INFO  index.logout  Line:47  wfp success logout
2018-03-09 20:14:47,250  INFO  index.login  Line:38  wfp success login
2018-03-09 20:16:17,378  INFO  index.login  Line:38  wfp success login
2018-03-09 20:16:18,364  INFO  weekly.new  Line:24  新建文件
2018-03-09 20:23:07,102  INFO  index.login  Line:38  wfp success login
2018-03-09 20:33:08,289  INFO  weekly.new  Line:25  新建文件
2018-03-09 20:35:13,313  INFO  weekly.new  Line:25  新建文件
2018-03-09 20:38:13,517  INFO  weekly.new  Line:26  新建文件
2018-03-09 20:40:31,012  INFO  weekly.new  Line:26  新建文件
2018-03-09 20:43:44,176  INFO  weekly.new  Line:26  新建文件
2018-03-09 23:20:17,442  INFO  index.login  Line:38  wfp success login
2018-03-09 23:20:18,830  INFO  weekly.new  Line:27  新建文件
2018-03-09 23:22:13,391  INFO  weekly.new  Line:27  新建文件
2018-03-09 23:23:50,722  INFO  weekly.new  Line:27  新建文件
2018-03-09 23:23:50,754  INFO  weekly.new  Line:27  新建文件
2018-03-09 23:33:09,149  INFO  weekly.new  Line:27  新建文件
2018-03-09 23:36:04,186  INFO  index.login  Line:38  wfp success login
2018-03-09 23:36:05,132  INFO  weekly.new  Line:28  新建文件
2018-03-10 11:17:28,300  INFO  index.login  Line:40  wfp success login
2018-03-10 11:17:28,354  INFO  index.login  Line:40  wfp success login
2018-03-10 12:42:08,897  INFO  weekly.new  Line:29  新建文件
2018-03-10 12:45:04,476  INFO  index.login  Line:54  wfp success login
2018-03-10 12:47:38,738  INFO  weekly.add_comment  Line:72  note<0e4a4a0ed5cf4682a9cf80fb59728a14> add comment 
2018-03-10 12:47:40,645  INFO  weekly.add_comment  Line:72  note<0e4a4a0ed5cf4682a9cf80fb59728a14> add comment 
2018-03-10 12:47:42,030  INFO  weekly.add_comment  Line:72  note<0e4a4a0ed5cf4682a9cf80fb59728a14> add comment 
2018-03-10 16:04:42,289  INFO  index.login  Line:55  wfp success login
2018-03-10 16:04:43,450  INFO  weekly.new  Line:29  新建文件
2018-03-10 16:04:47,571  INFO  weekly.add  Line:40  add new note id<0ae256ed49b04779a66771c1badc6ce4> title<大段>
2018-03-10 16:08:29,753  INFO  index.logout  Line:64  wfp success logout
2018-03-10 16:08:32,243  INFO  index.login  Line:55  pxx success login
2018-03-10 16:09:21,408  INFO  index.logout  Line:64  pxx success logout
2018-03-10 16:30:54,199  INFO  index.login  Line:55  pxx success login
2018-03-10 16:30:57,902  INFO  weekly.add_comment  Line:72  note<0ae256ed49b04779a66771c1badc6ce4> add comment 
2018-03-10 16:31:19,422  INFO  index.login  Line:55  int success login
2018-03-11 10:55:04,931  INFO  index.login  Line:55  wfp success login
2018-03-11 10:55:06,078  INFO  weekly.new  Line:29  新建文件
2018-03-11 10:55:12,501  INFO  weekly.add  Line:40  add new note id<7ef0902d1f034f508672eab08577b145> title<dasd>
2018-03-11 10:56:55,506  INFO  weekly.new  Line:29  新建文件
2018-03-11 10:56:58,345  INFO  weekly.add  Line:40  add new note id<6098e2cb255049ab9124e54ef7cbc75f> title<cdasd>
2018-03-11 10:57:03,505  INFO  weekly.add_comment  Line:72  note<c154c484e66744de9bdd1fa2203d10a8> add comment 
2018-03-11 10:57:04,633  INFO  weekly.add_comment  Line:72  note<c154c484e66744de9bdd1fa2203d10a8> add comment 
2018-03-11 10:57:06,375  INFO  weekly.add_comment  Line:72  note<c154c484e66744de9bdd1fa2203d10a8> add comment 
2018-03-11 10:57:07,086  INFO  weekly.add_comment  Line:72  note<c154c484e66744de9bdd1fa2203d10a8> add comment 
2018-03-11 10:57:07,966  INFO  weekly.add_comment  Line:72  note<c154c484e66744de9bdd1fa2203d10a8> add comment 
2018-03-11 10:57:08,888  INFO  weekly.add_comment  Line:72  note<c154c484e66744de9bdd1fa2203d10a8> add comment 
2018-03-11 10:57:09,639  INFO  weekly.add_comment  Line:72  note<c154c484e66744de9bdd1fa2203d10a8> add comment 
2018-03-11 10:57:10,374  INFO  weekly.add_comment  Line:72  note<c154c484e66744de9bdd1fa2203d10a8> add comment 
2018-03-11 10:57:11,358  INFO  weekly.add_comment  Line:72  note<c154c484e66744de9bdd1fa2203d10a8> add comment 
2018-03-11 10:57:12,624  INFO  weekly.add_comment  Line:72  note<c154c484e66744de9bdd1fa2203d10a8> add comment 
2018-03-11 10:57:50,351  INFO  weekly.add_comment  Line:72  note<c154c484e66744de9bdd1fa2203d10a8> add comment 
2018-03-11 10:57:51,793  INFO  weekly.add_comment  Line:72  note<c154c484e66744de9bdd1fa2203d10a8> add comment 
2018-03-11 10:58:03,138  INFO  weekly.add_comment  Line:72  note<c154c484e66744de9bdd1fa2203d10a8> add comment 
2018-03-11 10:58:03,937  INFO  weekly.add_comment  Line:72  note<c154c484e66744de9bdd1fa2203d10a8> add comment 
2018-03-11 10:58:09,152  INFO  weekly.add_comment  Line:72  note<c154c484e66744de9bdd1fa2203d10a8> add comment 
2018-03-11 10:58:12,841  INFO  weekly.add_comment  Line:72  note<c154c484e66744de9bdd1fa2203d10a8> add comment 
2018-03-11 10:59:45,266  INFO  index.login  Line:55  wfp success login
2018-03-11 11:02:47,135  INFO  index.logout  Line:64  wfp success logout
2018-03-11 11:04:01,047  INFO  index.login  Line:55  wfp success login
2018-03-11 11:04:05,999  INFO  index.logout  Line:64  wfp success logout
2018-03-11 11:09:58,927  INFO  index.login  Line:56  wfp success login
2018-03-11 11:12:06,050  INFO  index.logout  Line:65  wfp success logout
2018-03-11 11:13:33,589  INFO  index.login  Line:56  wfp success login
2018-03-11 11:13:34,601  INFO  index.logout  Line:65  wfp success logout
2018-03-11 11:16:38,511  INFO  index.logout  Line:65  wfp success logout
2018-03-11 11:37:50,487  INFO  index.login  Line:55  pxx success login
2018-03-11 11:37:51,696  INFO  weekly.new  Line:29  新建文件
2018-03-11 11:37:59,862  INFO  weekly.add  Line:40  add new note id<4536a23aa0ae4944bf2eadc23bbd6a90> title<测试作者>
2018-03-11 11:54:38,071  INFO  index.login  Line:55  pxx success login
2018-03-11 12:31:42,268  INFO  weekly.new  Line:29  新建文件
2018-03-11 12:31:52,358  INFO  weekly.add  Line:40  add new note id<3bceb1dbc4ab45f1a7952017d5a3c6e3> title<测试删除>
2018-03-11 12:33:46,857  INFO  index.login  Line:55  wfp success login
2018-03-11 12:42:52,525  INFO  weekly.new  Line:29  新建文件
2018-03-11 12:43:42,811  INFO  weekly.new  Line:29  新建文件
2018-03-11 12:44:25,109  INFO  index.register  Line:76  wfp success register
2018-03-11 12:44:27,311  INFO  index.login  Line:55  wfp success login
2018-03-11 12:44:29,170  INFO  weekly.new  Line:29  新建文件
2018-03-11 12:44:39,287  INFO  weekly.add  Line:41  add new note id<6cdde19b50fb485ca09900010fb8a0aa> title<delete>
2018-03-11 12:44:43,970  INFO  weekly.add_comment  Line:82  note<6cdde19b50fb485ca09900010fb8a0aa> add comment 
2018-03-11 12:44:45,072  INFO  weekly.add_comment  Line:82  note<6cdde19b50fb485ca09900010fb8a0aa> add comment 
2018-03-11 12:44:46,134  INFO  weekly.delete  Line:66  note delete delete success
2018-03-11 12:45:02,586  INFO  weekly.new  Line:29  新建文件
2018-03-11 12:45:11,183  INFO  weekly.add  Line:41  add new note id<7bd263b030a240fc892ad7b9857246ff> title<delete>
2018-03-11 12:45:13,955  INFO  weekly.add_comment  Line:82  note<7bd263b030a240fc892ad7b9857246ff> add comment 
2018-03-11 12:45:14,855  INFO  weekly.add_comment  Line:82  note<7bd263b030a240fc892ad7b9857246ff> add comment 
2018-03-11 12:45:15,598  INFO  weekly.add_comment  Line:82  note<7bd263b030a240fc892ad7b9857246ff> add comment 
2018-03-11 12:45:25,945  INFO  weekly.delete  Line:66  note delete delete success
